<?xml version="1.0" encoding="UTF-8"?>
<!-- Generated by org.testng.reporters.JUnitReportReporter -->
<testsuite skipped="0" hostname="ajay-PC" name="com.careerit.selenium.seleniumgriddemo.Selenium_Automate_SeleniumGrid" tests="1" failures="0" timestamp="14 Feb 2019 02:02:29 GMT" time="18.070" errors="0">
  <testcase name="testNGBasicTest" time="18.070" classname="com.careerit.selenium.seleniumgriddemo.Selenium_Automate_SeleniumGrid"/>
</testsuite> <!-- com.careerit.selenium.seleniumgriddemo.Selenium_Automate_SeleniumGrid -->
