<?xml version="1.0" encoding="UTF-8"?>
<!-- Generated by org.testng.reporters.JUnitReportReporter -->
<testsuite skipped="0" hostname="ajay-PC" name="com.careerit.selenium.testngpack.Selenium_TestNG_AnnotationsDemo1" tests="5" failures="0" timestamp="05 Feb 2019 01:48:52 GMT" time="0.016" errors="0">
  <testcase name="checkout_Testcase_01" time="0.007" classname="com.careerit.selenium.testngpack.Selenium_TestNG_AnnotationsDemo1"/>
  <testcase name="checkout_Testcase_02" time="0.002" classname="com.careerit.selenium.testngpack.Selenium_TestNG_AnnotationsDemo1"/>
  <testcase name="checkout_Testcase_05" time="0.003" classname="com.careerit.selenium.testngpack.Selenium_TestNG_AnnotationsDemo1"/>
  <testcase name="checkout_Testcase_03" time="0.002" classname="com.careerit.selenium.testngpack.Selenium_TestNG_AnnotationsDemo1"/>
  <testcase name="checkout_Testcase_04" time="0.002" classname="com.careerit.selenium.testngpack.Selenium_TestNG_AnnotationsDemo1"/>
</testsuite> <!-- com.careerit.selenium.testngpack.Selenium_TestNG_AnnotationsDemo1 -->
