<?xml version="1.0" encoding="UTF-8"?>
<!-- Generated by org.testng.reporters.JUnitReportReporter -->
<testsuite skipped="0" hostname="ajay-PC" name="com.careerit.selenium.testngpack.Selenium_TestNG_DataProviderWiki" tests="5" failures="0" timestamp="08 Feb 2019 01:26:20 GMT" time="56.059" errors="0">
  <testcase name="wikiTestCase" time="9.735" classname="com.careerit.selenium.testngpack.Selenium_TestNG_DataProviderWiki"/>
  <testcase name="wikiTestCase" time="8.532" classname="com.careerit.selenium.testngpack.Selenium_TestNG_DataProviderWiki"/>
  <testcase name="wikiTestCase" time="11.503" classname="com.careerit.selenium.testngpack.Selenium_TestNG_DataProviderWiki"/>
  <testcase name="wikiTestCase" time="18.330" classname="com.careerit.selenium.testngpack.Selenium_TestNG_DataProviderWiki"/>
  <testcase name="wikiTestCase" time="7.959" classname="com.careerit.selenium.testngpack.Selenium_TestNG_DataProviderWiki"/>
</testsuite> <!-- com.careerit.selenium.testngpack.Selenium_TestNG_DataProviderWiki -->
