<?xml version="1.0" encoding="UTF-8"?>
<!-- Generated by org.testng.reporters.JUnitReportReporter -->
<testsuite skipped="0" hostname="ajay-PC" name="com.careerit.selenium.testngpack.Selenium_TestNG_DataProviderWikiExcel" tests="5" failures="0" timestamp="08 Feb 2019 02:05:28 GMT" time="50.173" errors="0">
  <testcase name="wikiTestCase_Excel" time="9.929" classname="com.careerit.selenium.testngpack.Selenium_TestNG_DataProviderWikiExcel"/>
  <testcase name="wikiTestCase_Excel" time="13.357" classname="com.careerit.selenium.testngpack.Selenium_TestNG_DataProviderWikiExcel"/>
  <testcase name="wikiTestCase_Excel" time="8.069" classname="com.careerit.selenium.testngpack.Selenium_TestNG_DataProviderWikiExcel"/>
  <testcase name="wikiTestCase_Excel" time="10.806" classname="com.careerit.selenium.testngpack.Selenium_TestNG_DataProviderWikiExcel"/>
  <testcase name="wikiTestCase_Excel" time="8.012" classname="com.careerit.selenium.testngpack.Selenium_TestNG_DataProviderWikiExcel"/>
</testsuite> <!-- com.careerit.selenium.testngpack.Selenium_TestNG_DataProviderWikiExcel -->
