<?xml version="1.0" encoding="UTF-8"?>
<!-- Generated by org.testng.reporters.JUnitReportReporter -->
<testsuite skipped="0" hostname="ajay-PC" name="com.careerit.selenium.testngpack.Selenium_TestNG_BasicTest" tests="1" failures="0" timestamp="07 Feb 2019 01:39:57 GMT" time="13.874" errors="0">
  <testcase name="testNGBasicTest" time="13.874" classname="com.careerit.selenium.testngpack.Selenium_TestNG_BasicTest"/>
</testsuite> <!-- com.careerit.selenium.testngpack.Selenium_TestNG_BasicTest -->
