<?xml version="1.0" encoding="UTF-8"?>
<!-- Generated by org.testng.reporters.JUnitReportReporter -->
<testsuite skipped="1" hostname="ajay-PC" name="com.careerit.selenium.testngpack.Selenium_TestNG_TestAttributesDemo" tests="5" failures="0" timestamp="07 Feb 2019 01:16:59 GMT" time="0.034" errors="0">
  <testcase name="testCase_04" time="0.002" classname="com.careerit.selenium.testngpack.Selenium_TestNG_TestAttributesDemo"/>
  <testcase name="testCase_05" time="0.004" classname="com.careerit.selenium.testngpack.Selenium_TestNG_TestAttributesDemo"/>
  <testcase name="testCase_01" time="0.025" classname="com.careerit.selenium.testngpack.Selenium_TestNG_TestAttributesDemo"/>
  <testcase name="testCase_02" time="0.003" classname="com.careerit.selenium.testngpack.Selenium_TestNG_TestAttributesDemo"/>
  <testcase name="testCase_03" classname="com.careerit.selenium.testngpack.Selenium_TestNG_TestAttributesDemo">
    <skipped/>
  </testcase> <!-- testCase_03 -->
</testsuite> <!-- com.careerit.selenium.testngpack.Selenium_TestNG_TestAttributesDemo -->
