<?xml version="1.0" encoding="UTF-8"?>
<!-- Generated by org.testng.reporters.JUnitReportReporter -->
<testsuite skipped="0" hostname="ajay-PC" name="com.careerit.selenium.testngpack.Selenium_TestNG_AnnotationsDemo2" tests="5" failures="0" timestamp="05 Feb 2019 01:56:46 GMT" time="0.031" errors="0">
  <testcase name="shoppoingCartTestCase_01" time="0.008" classname="com.careerit.selenium.testngpack.Selenium_TestNG_AnnotationsDemo2"/>
  <testcase name="shoppoingCartTestCase_03" time="0.003" classname="com.careerit.selenium.testngpack.Selenium_TestNG_AnnotationsDemo2"/>
  <testcase name="shoppoingCartTestCase_04" time="0.003" classname="com.careerit.selenium.testngpack.Selenium_TestNG_AnnotationsDemo2"/>
  <testcase name="shoppoingCartTestCase_02" time="0.013" classname="com.careerit.selenium.testngpack.Selenium_TestNG_AnnotationsDemo2"/>
  <testcase name="shoppoingCartTestCase_05" time="0.004" classname="com.careerit.selenium.testngpack.Selenium_TestNG_AnnotationsDemo2"/>
</testsuite> <!-- com.careerit.selenium.testngpack.Selenium_TestNG_AnnotationsDemo2 -->
