<?xml version="1.0" encoding="UTF-8"?>
<!-- Generated by org.testng.reporters.JUnitReportReporter -->
<testsuite skipped="0" hostname="ajay-PC" name="com.careerit.selenium.testngpack.Selenium_TestNG_TestPriority" tests="3" failures="0" timestamp="07 Feb 2019 01:45:40 GMT" time="0.019" errors="0">
  <testcase name="testCase_04" time="0.015" classname="com.careerit.selenium.testngpack.Selenium_TestNG_TestPriority"/>
  <testcase name="testCase_05" time="0.002" classname="com.careerit.selenium.testngpack.Selenium_TestNG_TestPriority"/>
  <testcase name="testCase_01" time="0.002" classname="com.careerit.selenium.testngpack.Selenium_TestNG_TestPriority"/>
</testsuite> <!-- com.careerit.selenium.testngpack.Selenium_TestNG_TestPriority -->
